<?xml version="1.0" encoding="UTF-8"?>
<!-- Generated by org.testng.reporters.JUnitReportReporter -->
<testsuite skipped="0" hostname="sharmara2" name="test.exercise2.RadioBtnSelection" tests="1" failures="0" timestamp="22 Jul 2021 19:23:14 GMT" time="3.024" errors="0">
  <testcase name="radioSelection" time="3.024" classname="test.exercise2.RadioBtnSelection"/>
</testsuite> <!-- test.exercise2.RadioBtnSelection -->
